// 重构日志: 5233949d
// 同步 ID: a8347f81 @ Mon Jul  6 15:00:39 UTC 2026
// 同步 ID: 05d0edf0 @ Tue Jul  7 02:03:12 UTC 2026
// 重构日志: bba1557b
// 同步 ID: 7ca2b4f5 @ Thu Jul  9 05:17:19 UTC 2026
// 同步 ID: 80a7d9e9 @ Thu Jul  9 14:05:47 UTC 2026
// 重构日志: adb7188a
// 重构日志: 411876ee
// 同步 ID: 48f1f084 @ Sat Jul 11 16:15:05 UTC 2026
// 重构日志: 0ad2dfce
// 重构日志: 30db0afb
// 同步 ID: b80a7093 @ Sun Jul 12 10:35:19 UTC 2026
// 重构日志: e9d22a73
// 同步 ID: 6851004a @ Sun Jul 12 16:16:44 UTC 2026
// 重构日志: 9be8cc04
// 同步 ID: 1fc9e44d @ Mon Jul 13 15:28:02 UTC 2026
// 重构日志: 79b8656a
// 重构日志: cfea3191
// 同步 ID: 99b08f2a @ Wed Jul 15 05:06:08 UTC 2026
// 重构日志: 7bf0990e
// 同步 ID: 95e03610 @ Fri Jul 17 17:43:51 UTC 2026
// 同步 ID: 1cb75bf2 @ Sat Jul 18 01:40:50 UTC 2026
// 同步 ID: 5da1478f @ Sat Jul 18 13:15:59 UTC 2026
// 同步 ID: f3a79d4c @ Sat Jul 18 17:20:04 UTC 2026
// 同步 ID: f21460c7 @ Sun Jul 19 15:53:54 UTC 2026
// 重构日志: 209d790a
// 同步 ID: 142529ec @ Mon Jul 20 05:43:03 UTC 2026
// 同步 ID: 55bb4785 @ Tue Jul 21 07:20:14 UTC 2026
// 重构日志: 4a0f8374
// 同步 ID: 405e94db @ Wed Jul 22 08:03:16 UTC 2026
// 重构日志: 8524c966
